2012-06-15 16:29:10.483 [main] INFO in.co.zybotech.mailer.bulk - Loading properites file: D:\Arun P Johny\zybotech\bulkmailer-runner\properties.properties [in.co.zybotech.mailer.bulk.Main getProperties 122]  
2012-06-15 18:59:03.358 [main] INFO in.co.zybotech.mailer.bulk - Loading properites file: D:\Arun P Johny\zybotech\repository\in.co.zybotech.mailer.bulk\dest\runner\properties.properties [in.co.zybotech.mailer.bulk.Main getProperties 146]  
2012-06-15 18:59:07.521 [main] DEBUG in.co.zybotech.mailer.bulk - Error while sending mail to source: arun.p@greytip.com, Arun P Johny [in.co.zybotech.mailer.bulk.Mailer send 123] org.springframework.mail.MailAuthenticationException: Authentication failed; nested exception is javax.mail.AuthenticationFailedException: 535-5.7.1 Username and Password not accepted. Learn more at
535 5.7.1 http://support.google.com/mail/bin/answer.py?answer=14257 wi8sm13269730pbc.11

	at org.springframework.mail.javamail.JavaMailSenderImpl.doSend(JavaMailSenderImpl.java:392)
	at org.springframework.mail.javamail.JavaMailSenderImpl.send(JavaMailSenderImpl.java:340)
	at org.springframework.mail.javamail.JavaMailSenderImpl.send(JavaMailSenderImpl.java:355)
	at org.springframework.mail.javamail.JavaMailSenderImpl.send(JavaMailSenderImpl.java:344)
	at in.co.zybotech.mailer.bulk.Mailer.send(Mailer.java:120)
	at in.co.zybotech.mailer.bulk.Main.main(Main.java:64)
	at sun.reflect.NativeMethodAccessorImpl.invoke0(Native Method)
	at sun.reflect.NativeMethodAccessorImpl.invoke(Unknown Source)
	at sun.reflect.DelegatingMethodAccessorImpl.invoke(Unknown Source)
	at java.lang.reflect.Method.invoke(Unknown Source)
	at org.eclipse.jdt.internal.jarinjarloader.JarRsrcLoader.main(JarRsrcLoader.java:58)
Caused by: javax.mail.AuthenticationFailedException: 535-5.7.1 Username and Password not accepted. Learn more at
535 5.7.1 http://support.google.com/mail/bin/answer.py?answer=14257 wi8sm13269730pbc.11

	at com.sun.mail.smtp.SMTPTransport$Authenticator.authenticate(SMTPTransport.java:823)
	at com.sun.mail.smtp.SMTPTransport.authenticate(SMTPTransport.java:756)
	at com.sun.mail.smtp.SMTPTransport.protocolConnect(SMTPTransport.java:673)
	at javax.mail.Service.connect(Service.java:295)
	at org.springframework.mail.javamail.JavaMailSenderImpl.doSend(JavaMailSenderImpl.java:389)
	... 10 common frames omitted
 
2012-06-15 18:59:45.760 [main] INFO in.co.zybotech.mailer.bulk - Loading properites file: D:\Arun P Johny\zybotech\repository\in.co.zybotech.mailer.bulk\dest\runner\properties.properties [in.co.zybotech.mailer.bulk.Main getProperties 146]  
2012-06-15 18:59:49.715 [main] DEBUG in.co.zybotech.mailer.bulk - Error while sending mail to source: arun.p@greytip.com, Arun P Johny [in.co.zybotech.mailer.bulk.Mailer send 123] org.springframework.mail.MailAuthenticationException: Authentication failed; nested exception is javax.mail.AuthenticationFailedException: 535-5.7.1 Username and Password not accepted. Learn more at
535 5.7.1 http://support.google.com/mail/bin/answer.py?answer=14257 jp10sm10705854pbb.16

	at org.springframework.mail.javamail.JavaMailSenderImpl.doSend(JavaMailSenderImpl.java:392)
	at org.springframework.mail.javamail.JavaMailSenderImpl.send(JavaMailSenderImpl.java:340)
	at org.springframework.mail.javamail.JavaMailSenderImpl.send(JavaMailSenderImpl.java:355)
	at org.springframework.mail.javamail.JavaMailSenderImpl.send(JavaMailSenderImpl.java:344)
	at in.co.zybotech.mailer.bulk.Mailer.send(Mailer.java:120)
	at in.co.zybotech.mailer.bulk.Main.main(Main.java:64)
	at sun.reflect.NativeMethodAccessorImpl.invoke0(Native Method)
	at sun.reflect.NativeMethodAccessorImpl.invoke(Unknown Source)
	at sun.reflect.DelegatingMethodAccessorImpl.invoke(Unknown Source)
	at java.lang.reflect.Method.invoke(Unknown Source)
	at org.eclipse.jdt.internal.jarinjarloader.JarRsrcLoader.main(JarRsrcLoader.java:58)
Caused by: javax.mail.AuthenticationFailedException: 535-5.7.1 Username and Password not accepted. Learn more at
535 5.7.1 http://support.google.com/mail/bin/answer.py?answer=14257 jp10sm10705854pbb.16

	at com.sun.mail.smtp.SMTPTransport$Authenticator.authenticate(SMTPTransport.java:823)
	at com.sun.mail.smtp.SMTPTransport.authenticate(SMTPTransport.java:756)
	at com.sun.mail.smtp.SMTPTransport.protocolConnect(SMTPTransport.java:673)
	at javax.mail.Service.connect(Service.java:295)
	at org.springframework.mail.javamail.JavaMailSenderImpl.doSend(JavaMailSenderImpl.java:389)
	... 10 common frames omitted
 
2012-06-15 19:00:20.513 [main] INFO in.co.zybotech.mailer.bulk - Loading properites file: D:\Arun P Johny\zybotech\repository\in.co.zybotech.mailer.bulk\dest\runner\properties.properties [in.co.zybotech.mailer.bulk.Main getProperties 146]  
2012-06-15 19:02:10.219 [main] INFO in.co.zybotech.mailer.bulk - Loading properites file: D:\Arun P Johny\zybotech\repository\in.co.zybotech.mailer.bulk\dest\runner\properties.properties [in.co.zybotech.mailer.bulk.Main getProperties 146]  
